<?xml version="1.0" encoding="UTF-8"?>
<!-- Generated by org.testng.reporters.JUnitReportReporter -->
<testsuite hostname="AGRN34407441A" name="Test.Utility" tests="1" failures="0" timestamp="7 Aug 2019 09:01:17 GMT" time="15.338" errors="0">
  <testcase name="main" time="15.338" classname="Test.Utility"/>
</testsuite> <!-- Test.Utility -->
