<?xml version="1.0" encoding="UTF-8"?>
<!-- Generated by org.testng.reporters.JUnitReportReporter -->
<testsuite hostname="AGRN34407441A" name="Test.Utility" tests="1" failures="0" timestamp="6 Aug 2019 06:07:09 GMT" time="6.383" errors="0">
  <testcase name="main" time="6.383" classname="Test.Utility"/>
</testsuite> <!-- Test.Utility -->
