<?xml version="1.0" encoding="UTF-8"?>
<!-- Generated by org.testng.reporters.JUnitReportReporter -->
<testsuite hostname="AGRN34407441A" name="Test.Utility" tests="3" failures="0" timestamp="6 Nov 2019 05:29:16 GMT" time="13.729" errors="0">
  <testcase name="main3" time="3.812" classname="Test.Utility"/>
  <testcase name="main" time="5.650" classname="Test.Utility"/>
  <testcase name="main2" time="4.267" classname="Test.Utility"/>
</testsuite> <!-- Test.Utility -->
